[INFO] Scanning for projects...
[WARNING] 
[WARNING] Some problems were encountered while building the effective model for com.vaguehope:onosendai:apk:1-SNAPSHOT
[WARNING] 'build.plugins.plugin.version' for org.apache.maven.plugins:maven-surefire-plugin is missing. @ line 202, column 12
[WARNING] 
[WARNING] It is highly recommended to fix these problems because they threaten the stability of your build.
[WARNING] 
[WARNING] For this reason, future Maven versions might no longer support building such malformed projects.
[WARNING] 
[INFO]                                                                         
[INFO] ------------------------------------------------------------------------
[INFO] Building Onosendai 1-SNAPSHOT
[INFO] ------------------------------------------------------------------------
[INFO] 
[INFO] --- maven-clean-plugin:2.4.1:clean (default-clean) @ onosendai ---
[INFO] Deleting C:\Users\PH\Documents\Eclipse Java Workspace\Onosendai\target
[INFO] 
[INFO] --- android-maven-plugin:3.6.0:generate-sources (default-generate-sources) @ onosendai ---
[INFO] ANDROID-904-002: Found aidl files: Count = 0
[INFO] ANDROID-904-002: Found aidl files: Count = 0
[INFO] Manifest merging disabled. Using project manifest only
[INFO] C:\Users\PH\AppData\Local\Android\android-sdk\build-tools\18.1.0\aapt.exe [package, -m, -J, C:\Users\PH\Documents\Eclipse Java Workspace\Onosendai\target\generated-sources\r, -M, C:\Users\PH\Documents\Eclipse Java Workspace\Onosendai\AndroidManifest.xml, -S, C:\Users\PH\Documents\Eclipse Java Workspace\Onosendai\res, --auto-add-overlay, -A, C:\Users\PH\Documents\Eclipse Java Workspace\Onosendai\assets, -I, C:\Users\PH\AppData\Local\Android\android-sdk\platforms\android-11\android.jar]
[INFO] 
[INFO] --- maven-resources-plugin:2.6:resources (default-resources) @ onosendai ---
[INFO] Using 'UTF-8' encoding to copy filtered resources.
[INFO] Copying 4 resources
[INFO] skip non existing resourceDirectory C:\Users\PH\Documents\Eclipse Java Workspace\Onosendai\target\generated-sources\extracted-dependencies\src\main\resources
[INFO] 
[INFO] --- maven-compiler-plugin:2.5:compile (default-compile) @ onosendai ---
[INFO] Compiling 161 source files to C:\Users\PH\Documents\Eclipse Java Workspace\Onosendai\target\classes
[INFO] 
[INFO] --- android-maven-plugin:3.6.0:proguard (default-proguard) @ onosendai ---
[INFO] 
[INFO] --- maven-resources-plugin:2.6:testResources (default-testResources) @ onosendai ---
[INFO] Using 'UTF-8' encoding to copy filtered resources.
[INFO] Copying 5 resources
[INFO] 
[INFO] --- maven-compiler-plugin:2.5:testCompile (default-testCompile) @ onosendai ---
[INFO] Compiling 15 source files to C:\Users\PH\Documents\Eclipse Java Workspace\Onosendai\target\test-classes
[INFO] 
[INFO] --- maven-surefire-plugin:2.16:test (default-test) @ onosendai ---
[WARNING] The parameter forkMode is deprecated since version 2.14. Use forkCount and reuseForks instead.
[INFO] Surefire report directory: C:\Users\PH\Documents\Eclipse Java Workspace\Onosendai\target\surefire-reports

-------------------------------------------------------
 T E S T S
-------------------------------------------------------

-------------------------------------------------------
 T E S T S
-------------------------------------------------------
Running com.vaguehope.onosendai.config.AccountTest
Tests run: 3, Failures: 0, Errors: 0, Skipped: 0, Time elapsed: 0.07 sec - in com.vaguehope.onosendai.config.AccountTest
Running com.vaguehope.onosendai.config.ColumnTest
Tests run: 5, Failures: 0, Errors: 0, Skipped: 0, Time elapsed: 0.069 sec - in com.vaguehope.onosendai.config.ColumnTest
Running com.vaguehope.onosendai.config.ConfigTest
Tests run: 2, Failures: 0, Errors: 0, Skipped: 0, Time elapsed: 0.869 sec - in com.vaguehope.onosendai.config.ConfigTest
Running com.vaguehope.onosendai.config.TimeParserTest
Tests run: 5, Failures: 0, Errors: 0, Skipped: 0, Time elapsed: 0.066 sec - in com.vaguehope.onosendai.config.TimeParserTest
Running com.vaguehope.onosendai.model.MetaTypeTest
Tests run: 1, Failures: 0, Errors: 0, Skipped: 0, Time elapsed: 0.052 sec - in com.vaguehope.onosendai.model.MetaTypeTest
Running com.vaguehope.onosendai.model.OutboxTweetTest
Tests run: 3, Failures: 0, Errors: 0, Skipped: 0, Time elapsed: 0.062 sec - in com.vaguehope.onosendai.model.OutboxTweetTest
Running com.vaguehope.onosendai.payload.HashTagPayloadTest
Warning: an error occurred while binding shadow class: ShadowGeoPoint
Warning: an error occurred while binding shadow class: ShadowItemizedOverlay
Warning: an error occurred while binding shadow class: ShadowMapController
Warning: an error occurred while binding shadow class: ShadowMapActivity
Warning: an error occurred while binding shadow class: ShadowMapView
Warning: an error occurred while binding shadow class: ShadowOverlayItem
Tests run: 1, Failures: 0, Errors: 0, Skipped: 0, Time elapsed: 17.981 sec - in com.vaguehope.onosendai.payload.HashTagPayloadTest
Running com.vaguehope.onosendai.payload.PayloadUtilsTest
Tests run: 19, Failures: 0, Errors: 0, Skipped: 2, Time elapsed: 0.229 sec - in com.vaguehope.onosendai.payload.PayloadUtilsTest
Running com.vaguehope.onosendai.provider.successwhale.ColumnsXmlTest
Tests run: 1, Failures: 0, Errors: 0, Skipped: 0, Time elapsed: 0.077 sec - in com.vaguehope.onosendai.provider.successwhale.ColumnsXmlTest
Running com.vaguehope.onosendai.provider.successwhale.SourcesXmlTest
Tests run: 1, Failures: 0, Errors: 0, Skipped: 0, Time elapsed: 0.081 sec - in com.vaguehope.onosendai.provider.successwhale.SourcesXmlTest
Running com.vaguehope.onosendai.provider.successwhale.SuccessWhaleFeedXmlTest
Tests run: 8, Failures: 0, Errors: 0, Skipped: 0, Time elapsed: 0.205 sec - in com.vaguehope.onosendai.provider.successwhale.SuccessWhaleFeedXmlTest
Running com.vaguehope.onosendai.provider.TaskUtilsTest
Tests run: 9, Failures: 0, Errors: 0, Skipped: 0, Time elapsed: 0.068 sec - in com.vaguehope.onosendai.provider.TaskUtilsTest
Running com.vaguehope.onosendai.provider.twitter.TwitterUtilsTest
Warning: an error occurred while binding shadow class: ShadowGeoPoint
Warning: an error occurred while binding shadow class: ShadowItemizedOverlay
Warning: an error occurred while binding shadow class: ShadowMapController
Warning: an error occurred while binding shadow class: ShadowMapActivity
Warning: an error occurred while binding shadow class: ShadowMapView
Warning: an error occurred while binding shadow class: ShadowOverlayItem
Tests run: 7, Failures: 0, Errors: 0, Skipped: 0, Time elapsed: 2.947 sec - in com.vaguehope.onosendai.provider.twitter.TwitterUtilsTest
Running com.vaguehope.onosendai.util.ArrayHelperTest
Tests run: 2, Failures: 0, Errors: 0, Skipped: 0, Time elapsed: 0.07 sec - in com.vaguehope.onosendai.util.ArrayHelperTest
Running com.vaguehope.onosendai.util.SyncMgrTest
Tests run: 3, Failures: 0, Errors: 0, Skipped: 0, Time elapsed: 0.055 sec - in com.vaguehope.onosendai.util.SyncMgrTest

Results :

Tests run: 70, Failures: 0, Errors: 0, Skipped: 2

[INFO] 
[INFO] --- android-maven-plugin:3.6.0:emma (default-emma) @ onosendai ---
[INFO] 
[INFO] --- android-maven-plugin:3.6.0:dex (default-dex) @ onosendai ---
[INFO] c:\Program Files (x86)\Java\jdk1.7.0_40\jre\bin\java [-Xmx1024M, -jar, C:\Users\PH\AppData\Local\Android\android-sdk\build-tools\18.1.0\lib\dx.jar, --dex, --output=C:\Users\PH\Documents\Eclipse Java Workspace\Onosendai\target\classes.dex, C:\Users\PH\.m2\repository\android\support\compatibility-v4\18\compatibility-v4-18.jar, C:\Users\PH\.m2\repository\ch\acra\acra\4.5.0\acra-4.5.0.jar, C:\Users\PH\.m2\repository\org\json\json\20080701\json-20080701.jar, C:\Users\PH\.m2\repository\org\twitter4j\twitter4j-core\3.0.3\twitter4j-core-3.0.3.jar, C:\Users\PH\.m2\repository\joda-time\joda-time\2.2\joda-time-2.2.jar, C:\Users\PH\Documents\Eclipse Java Workspace\Onosendai\target\classes]
[INFO] 
[INFO] --- replacer:1.5.2:replace (default) @ onosendai ---
[INFO] Replacement run on 2 files.
[INFO] 
[INFO] --- maven-jar-plugin:2.4:jar (default-jar) @ onosendai ---
[INFO] Building jar: C:\Users\PH\Documents\Eclipse Java Workspace\Onosendai\target\onosendai.jar
[INFO] 
[INFO] --- android-maven-plugin:3.6.0:apk (default-apk) @ onosendai ---
[INFO] Copying local assets files to combined assets directory.
[INFO] Enabling debug build for apk.
[INFO] C:\Users\PH\AppData\Local\Android\android-sdk\build-tools\18.1.0\aapt.exe [package, -f, -M, C:\Users\PH\Documents\Eclipse Java Workspace\Onosendai\AndroidManifest.xml, -S, C:\Users\PH\Documents\Eclipse Java Workspace\Onosendai\res, --auto-add-overlay, -A, C:\Users\PH\Documents\Eclipse Java Workspace\Onosendai\target\generated-sources\combined-assets\assets, -I, C:\Users\PH\AppData\Local\Android\android-sdk\platforms\android-11\android.jar, -F, C:\Users\PH\Documents\Eclipse Java Workspace\Onosendai\target\onosendai.ap_, --debug-mode]
[INFO] 
[INFO] --- android-maven-plugin:3.6.0:internal-pre-integration-test (default-internal-pre-integration-test) @ onosendai ---
[INFO] No InstrumentationRunner found - skipping tests
[INFO] 
[INFO] --- android-maven-plugin:3.6.0:internal-integration-test (default-internal-integration-test) @ onosendai ---
[INFO] No InstrumentationRunner found - skipping tests
[INFO] 
[INFO] --- maven-install-plugin:2.5:install (default-install) @ onosendai ---
[INFO] Installing C:\Users\PH\Documents\Eclipse Java Workspace\Onosendai\target\onosendai.apk to C:\Users\PH\.m2\repository\com\vaguehope\onosendai\1-SNAPSHOT\onosendai-1-SNAPSHOT.apk
[INFO] Installing C:\Users\PH\Documents\Eclipse Java Workspace\Onosendai\pom.xml to C:\Users\PH\.m2\repository\com\vaguehope\onosendai\1-SNAPSHOT\onosendai-1-SNAPSHOT.pom
[INFO] Installing C:\Users\PH\Documents\Eclipse Java Workspace\Onosendai\target\onosendai.jar to C:\Users\PH\.m2\repository\com\vaguehope\onosendai\1-SNAPSHOT\onosendai-1-SNAPSHOT.jar
[INFO]                                                                         
[INFO] ------------------------------------------------------------------------
[INFO] Building Onosendai 1-SNAPSHOT
[INFO] ------------------------------------------------------------------------
[INFO] 
[INFO] --- android-maven-plugin:3.6.0:deploy (default-cli) @ onosendai ---
[INFO] Found 0 devices connected with the Android Debug Bridge
[INFO]                                                                         
[INFO] ------------------------------------------------------------------------
[INFO] Skipping Onosendai
[INFO] This project has been banned from the build due to previous failures.
[INFO] ------------------------------------------------------------------------
[INFO] ------------------------------------------------------------------------
[INFO] BUILD FAILURE
[INFO] ------------------------------------------------------------------------
[INFO] Total time: 45.242s
[INFO] Finished at: Tue Oct 08 10:34:22 SGT 2013
[INFO] Final Memory: 19M/58M
[INFO] ------------------------------------------------------------------------
[ERROR] Failed to execute goal com.jayway.maven.plugins.android.generation2:android-maven-plugin:3.6.0:deploy (default-cli) on project onosendai: No online devices attached. -> [Help 1]
[ERROR] 
[ERROR] To see the full stack trace of the errors, re-run Maven with the -e switch.
[ERROR] Re-run Maven using the -X switch to enable full debug logging.
[ERROR] 
[ERROR] For more information about the errors and possible solutions, please read the following articles:
[ERROR] [Help 1] http://cwiki.apache.org/confluence/display/MAVEN/MojoExecutionException
